Building DAG of jobs...
Full Traceback (most recent call last):
  File "/datapool/home/fengbx/mambaforge/envs/bioinfo_env/lib/python3.8/site-packages/snakemake/__init__.py", line 792, in snakemake
    success = workflow.execute(
  File "/datapool/home/fengbx/mambaforge/envs/bioinfo_env/lib/python3.8/site-packages/snakemake/workflow.py", line 895, in execute
    dag.init()
  File "/datapool/home/fengbx/mambaforge/envs/bioinfo_env/lib/python3.8/site-packages/snakemake/dag.py", line 214, in init
    job = self.update([job], progress=progress, create_inventory=True)
  File "/datapool/home/fengbx/mambaforge/envs/bioinfo_env/lib/python3.8/site-packages/snakemake/dag.py", line 927, in update
    raise exceptions[0]
  File "/datapool/home/fengbx/mambaforge/envs/bioinfo_env/lib/python3.8/site-packages/snakemake/dag.py", line 885, in update
    self.update_(
  File "/datapool/home/fengbx/mambaforge/envs/bioinfo_env/lib/python3.8/site-packages/snakemake/dag.py", line 1046, in update_
    raise MissingInputException(job, missing_input)
snakemake.exceptions.MissingInputException: Missing input files for rule all:
    affected files:
        /datapool/home/fengbx/data3/test/results/test_result/read_counts/result/count.all.txt

MissingInputException in rule all in file /datapool/home/fengbx/data3/test/scripts/snakefile, line 14:
Missing input files for rule all:
    affected files:
        /datapool/home/fengbx/data3/test/results/test_result/read_counts/result/count.all.txt
unlocking
removed all locks
