Building DAG of jobs...
Using shell: /usr/bin/bash
Provided cores: 16
Rules claiming more threads will be scaled down.
Conda environments: ignored
Job stats:
job              count
-------------  -------
all                  1
featureCounts        3
mapping              3
merge_counts         1
remove_rRNA          3
total               11

Select jobs to execute...

[Sun May 19 23:56:32 2024]
rule remove_rRNA:
    input: quality_control/P25-D16-1/P25-D16-1.clean.1.fastq.gz, quality_control/P25-D16-1/P25-D16-1.clean.2.fastq.gz
    output: remove_rRNA/fastq/P25-D16-1/P25-D16-1.rm_rRNA.fq.1.gz, remove_rRNA/fastq/P25-D16-1/P25-D16-1.rm_rRNA.fq.2.gz
    log: logs/remove_rRNA/P25-D16-1.log
    jobid: 4
    reason: Missing output files: remove_rRNA/fastq/P25-D16-1/P25-D16-1.rm_rRNA.fq.1.gz, remove_rRNA/fastq/P25-D16-1/P25-D16-1.rm_rRNA.fq.2.gz
    wildcards: sample=P25-D16-1
    resources: tmpdir=/tmp


[Sun May 19 23:56:32 2024]
rule remove_rRNA:
    input: quality_control/P25-D16-2/P25-D16-2.clean.1.fastq.gz, quality_control/P25-D16-2/P25-D16-2.clean.2.fastq.gz
    output: remove_rRNA/fastq/P25-D16-2/P25-D16-2.rm_rRNA.fq.1.gz, remove_rRNA/fastq/P25-D16-2/P25-D16-2.rm_rRNA.fq.2.gz
    log: logs/remove_rRNA/P25-D16-2.log
    jobid: 8
    reason: Missing output files: remove_rRNA/fastq/P25-D16-2/P25-D16-2.rm_rRNA.fq.2.gz, remove_rRNA/fastq/P25-D16-2/P25-D16-2.rm_rRNA.fq.1.gz
    wildcards: sample=P25-D16-2
    resources: tmpdir=/tmp


[Sun May 19 23:56:33 2024]
rule remove_rRNA:
    input: quality_control/P25-D16-3/P25-D16-3.clean.1.fastq.gz, quality_control/P25-D16-3/P25-D16-3.clean.2.fastq.gz
    output: remove_rRNA/fastq/P25-D16-3/P25-D16-3.rm_rRNA.fq.1.gz, remove_rRNA/fastq/P25-D16-3/P25-D16-3.rm_rRNA.fq.2.gz
    log: logs/remove_rRNA/P25-D16-3.log
    jobid: 12
    reason: Missing output files: remove_rRNA/fastq/P25-D16-3/P25-D16-3.rm_rRNA.fq.2.gz, remove_rRNA/fastq/P25-D16-3/P25-D16-3.rm_rRNA.fq.1.gz
    wildcards: sample=P25-D16-3
    resources: tmpdir=/tmp

Waiting at most 60 seconds for missing files.
MissingOutputException in rule remove_rRNA in file /datapool/home/fengbx/data3/test/scripts/snakefile, line 52:
Job 8  completed successfully, but some output files are missing. Missing files after 60 seconds. This might be due to filesystem latency. If that is the case, consider to increase the wait time with --latency-wait:
remove_rRNA/fastq/P25-D16-2/P25-D16-2.rm_rRNA.fq.1.gz
remove_rRNA/fastq/P25-D16-2/P25-D16-2.rm_rRNA.fq.2.gz
Waiting at most 60 seconds for missing files.
MissingOutputException in rule remove_rRNA in file /datapool/home/fengbx/data3/test/scripts/snakefile, line 52:
Job 4  completed successfully, but some output files are missing. Missing files after 60 seconds. This might be due to filesystem latency. If that is the case, consider to increase the wait time with --latency-wait:
remove_rRNA/fastq/P25-D16-1/P25-D16-1.rm_rRNA.fq.1.gz
remove_rRNA/fastq/P25-D16-1/P25-D16-1.rm_rRNA.fq.2.gz
Waiting at most 60 seconds for missing files.
MissingOutputException in rule remove_rRNA in file /datapool/home/fengbx/data3/test/scripts/snakefile, line 52:
Job 12  completed successfully, but some output files are missing. Missing files after 60 seconds. This might be due to filesystem latency. If that is the case, consider to increase the wait time with --latency-wait:
remove_rRNA/fastq/P25-D16-3/P25-D16-3.rm_rRNA.fq.1.gz
remove_rRNA/fastq/P25-D16-3/P25-D16-3.rm_rRNA.fq.2.gz
Shutting down, this might take some time.
Exiting because a job execution failed. Look above for error message
Complete log: .snakemake/log/2024-05-19T235630.690095.snakemake.log
