Building DAG of jobs...
Using shell: /usr/bin/bash
Provided cores: 16
Rules claiming more threads will be scaled down.
Conda environments: ignored
Job stats:
job              count
-------------  -------
all                  1
featureCounts        3
mapping              3
merge_counts         1
remove_rRNA          3
total               11

Select jobs to execute...

[Wed May 22 23:58:56 2024]
rule remove_rRNA:
    input: /datapool/home/fengbx/data3/test/results/test_result/quality_control/P25-D16-1/P25-D16-1.clean.1.fastq.gz, /datapool/home/fengbx/data3/test/results/test_result/quality_control/P25-D16-1/P25-D16-1.clean.2.fastq.gz
    output: /datapool/home/fengbx/data3/test/results/test_result/remove_rRNA/fastq/P25-D16-1/P25-D16-1.rm_rRNA.1.fq.gz, /datapool/home/fengbx/data3/test/results/test_result/remove_rRNA/fastq/P25-D16-1/P25-D16-1.rm_rRNA.2.fq.gz
    log: /datapool/home/fengbx/data3/test/results/test_result/logs/remove_rRNA/P25-D16-1.log
    jobid: 4
    reason: Missing output files: /datapool/home/fengbx/data3/test/results/test_result/remove_rRNA/fastq/P25-D16-1/P25-D16-1.rm_rRNA.1.fq.gz, /datapool/home/fengbx/data3/test/results/test_result/remove_rRNA/fastq/P25-D16-1/P25-D16-1.rm_rRNA.2.fq.gz
    wildcards: sample=P25-D16-1
    resources: tmpdir=/tmp

RuleException in rule remove_rRNA in file /datapool/home/fengbx/data3/test/scripts/snakefile, line 54:
AttributeError: 'Params' object has no attribute 'rRNA_index', when formatting the following:

        mkdir -p {config[output_path]}remove_rRNA/fastq/{wildcards.sample}
        bowtie2 -x {params.rRNA_index} -1 {input.clean_R1} -2 {input.clean_R2} --un-conc-gz {config[output_path]}remove_rRNA/fastq/{wildcards.sample}/{wildcards.sample}.rm_rRNA.fq.gz -p 32 -S {config[output_path]}remove_rRNA/fastq/{wildcards.sample}/{wildcards.sample}.rm_rRNA.sam &> {log}
        
